<?xml version="1.0" encoding="UTF-8"?>
<!-- Generated by org.testng.reporters.JUnitReportReporter -->
<testsuite hostname="chinnabba" failures="0" tests="2" name="testcases.LoginTest" time="14.903" errors="0" timestamp="2023-02-25T09:04:24 IST" skipped="0">
  <testcase classname="testcases.LoginTest" name="loginToApplication" time="5.156"/>
  <system-out/>
  <testcase classname="testcases.LoginTest" name="loginToApplication" time="9.747"/>
  <system-out/>
</testsuite> <!-- testcases.LoginTest -->
